<?xml version="1.0" encoding="UTF-8"?>
<!-- Generated by org.testng.reporters.JUnitXMLReporter -->
<testsuite ignored="0" hostname="LAPTOP-4KFD49PS" failures="0" tests="3" name="Test" time="21.974" errors="0" timestamp="2023-11-28T12:39:54 IST">
  <testcase classname="TestCases.RegesterTestCases" name="verifyInvalidRegistration" time="7.483"/>
  <testcase classname="TestCases.RegesterTestCases" name="verifyValidRegistration" time="1.924"/>
  <testcase classname="TestCases.LoginTestCases" name="verifyLogin" time="2.131"/>
</testsuite> <!-- Test -->
