<?xml version="1.0" encoding="UTF-8"?>
<!-- Generated by org.testng.reporters.JUnitXMLReporter -->
<testsuite ignored="0" hostname="LAPTOP-4KFD49PS" failures="2" tests="3" name="Test" time="15.839" errors="0" timestamp="2023-11-22T00:42:59 IST">
  <testcase classname="TestCases.RegesterTestCases" name="verifyInvalidRegistration" time="7.112">
    <failure type="java.lang.AssertionError" message="The following asserts failed:
	expected [First Name must be between 1 and 32 characters!] but found [[[ChromeDriver: chrome on windows (42e60239dc1d8e49a06cc773bfe99f50)] -&amp;gt; xpath: (//div[@class=&amp;apos;text-danger&amp;apos;])[1]]]">
      <![CDATA[java.lang.AssertionError: The following asserts failed:
expected [First Name must be between 1 and 32 characters!] but found [[[ChromeDriver: chrome on windows (42e60239dc1d8e49a06cc773bfe99f50)] -> xpath: (//div[@class='text-danger'])[1]]]
at com.Resources.commonMethod.handleAssertions(commonMethod.java:11)
at TestCases.RegesterTestCases.verifyInvalidRegistration(RegesterTestCases.java:79)
at java.base/java.util.ArrayList.forEach(ArrayList.java:1511)
... Removed 29 stack frames]]>
    </failure>
  </testcase> <!-- verifyInvalidRegistration -->
  <testcase classname="TestCases.RegesterTestCases" name="verifyValidRegistration" time="0.001">
    <failure type="java.lang.Error" message="Unresolved compilation problem: 
	The method handleAssertions(WebElement, String) in the type commonMethod is not applicable for the arguments (String, String)
">
      <![CDATA[java.lang.Error: Unresolved compilation problem: 
The method handleAssertions(WebElement, String) in the type commonMethod is not applicable for the arguments (String, String)

at TestCases.RegesterTestCases.verifyValidRegistration(RegesterTestCases.java:46)
at java.base/java.util.ArrayList.forEach(ArrayList.java:1511)
... Removed 27 stack frames]]>
    </failure>
  </testcase> <!-- verifyValidRegistration -->
  <testcase classname="TestCases.LoginTestCases" name="verifyLogin" time="1.12"/>
</testsuite> <!-- Test -->
